2025-01-18 20:55:22,598 - INFO - Запуск приложения.
2025-01-18 20:55:25,012 - CRITICAL - Критическая ошибка приложения: '<' not supported between instances of 'float' and 'NoneType'
2025-01-18 20:56:36,273 - INFO - Запуск приложения.
2025-01-18 20:56:42,926 - INFO - Добавлена новая пара: PROSUSDT с RSI 24.56
2025-01-18 20:56:43,785 - INFO - Сообщение успешно отправлено в Telegram
2025-01-18 20:56:43,830 - INFO - Добавлена новая пара: XVGUSDT с RSI 25.28
2025-01-18 20:56:45,263 - INFO - Сообщение успешно отправлено в Telegram
2025-01-18 20:56:45,268 - INFO - Достигнут лимит 20 пар. Ожидание освобождения места...
2025-01-18 20:56:55,279 - INFO - Достигнут лимит 20 пар. Ожидание освобождения места...
2025-01-18 20:57:05,289 - INFO - Достигнут лимит 20 пар. Ожидание освобождения места...
2025-01-18 20:57:15,300 - INFO - Достигнут лимит 20 пар. Ожидание освобождения места...
2025-01-18 20:57:25,308 - INFO - Достигнут лимит 20 пар. Ожидание освобождения места...
2025-01-18 20:57:35,412 - INFO - Достигнут лимит 20 пар. Ожидание освобождения места...
2025-01-18 20:57:51,876 - INFO - Добавлена новая пара: PROSUSDT с RSI 24.32
2025-01-18 20:57:52,668 - INFO - Сообщение успешно отправлено в Telegram
2025-01-18 20:57:52,742 - INFO - Добавлена новая пара: XVGUSDT с RSI 24.97
2025-01-18 20:57:53,573 - INFO - Сообщение успешно отправлено в Telegram
2025-01-18 20:57:53,705 - INFO - Добавлена новая пара: 1MBABYDOGEUSDT с RSI 25.48
2025-01-18 20:57:54,513 - INFO - Сообщение успешно отправлено в Telegram
2025-01-18 20:57:54,555 - INFO - Добавлена новая пара: ARKUSDT с RSI 25.80
2025-01-18 20:57:55,393 - INFO - Сообщение успешно отправлено в Telegram
2025-01-18 20:57:55,426 - INFO - Добавлена новая пара: ACAUSDT с RSI 27.03
2025-01-18 20:58:01,211 - INFO - Сообщение успешно отправлено в Telegram
2025-01-18 20:58:01,274 - INFO - Добавлена новая пара: NEIROUSDT с RSI 27.54
2025-01-18 20:58:02,216 - INFO - Сообщение успешно отправлено в Telegram
2025-01-18 20:58:02,247 - INFO - Добавлена новая пара: FUNUSDT с RSI 27.61
2025-01-18 20:58:03,071 - INFO - Сообщение успешно отправлено в Telegram
2025-01-18 20:58:03,112 - INFO - Добавлена новая пара: MLNUSDT с RSI 27.69
2025-01-18 20:58:03,938 - INFO - Сообщение успешно отправлено в Telegram
2025-01-18 20:58:03,975 - INFO - Добавлена новая пара: TROYUSDT с RSI 27.79
2025-01-18 20:58:04,757 - INFO - Сообщение успешно отправлено в Telegram
2025-01-18 20:58:04,889 - INFO - Добавлена новая пара: PHAUSDT с RSI 28.38
2025-01-18 20:58:05,762 - INFO - Сообщение успешно отправлено в Telegram
2025-01-18 20:58:05,812 - INFO - Добавлена новая пара: AGLDUSDT с RSI 28.59
2025-01-18 20:58:06,623 - INFO - Сообщение успешно отправлено в Telegram
2025-01-18 20:58:07,154 - INFO - Добавлена новая пара: ASTUSDT с RSI 29.30
2025-01-18 20:58:07,904 - INFO - Сообщение успешно отправлено в Telegram
2025-01-18 20:58:07,941 - INFO - Добавлена новая пара: DATAUSDT с RSI 29.43
2025-01-18 20:58:09,307 - INFO - Сообщение успешно отправлено в Telegram
2025-01-18 20:58:09,428 - INFO - Добавлена новая пара: ATAUSDT с RSI 30.14
2025-01-18 20:58:10,252 - INFO - Сообщение успешно отправлено в Telegram
2025-01-18 20:58:10,295 - INFO - Добавлена новая пара: LISTAUSDT с RSI 30.15
2025-01-18 20:58:11,043 - INFO - Сообщение успешно отправлено в Telegram
2025-01-18 20:58:11,136 - INFO - Добавлена новая пара: ORDIUSDT с RSI 30.50
2025-01-18 20:58:11,888 - INFO - Сообщение успешно отправлено в Telegram
2025-01-18 20:58:11,919 - INFO - Добавлена новая пара: JASMYUSDT с RSI 30.59
2025-01-18 20:58:12,672 - INFO - Сообщение успешно отправлено в Telegram
2025-01-18 20:58:12,714 - INFO - Добавлена новая пара: DENTUSDT с RSI 30.67
2025-01-18 20:58:13,467 - INFO - Сообщение успешно отправлено в Telegram
2025-01-18 20:58:13,495 - INFO - Добавлена новая пара: CETUSUSDT с RSI 30.89
2025-01-18 20:58:14,261 - INFO - Сообщение успешно отправлено в Telegram
2025-01-18 20:58:14,262 - INFO - Достигнут лимит 20 пар. Ожидание освобождения места...
2025-01-18 20:58:24,272 - INFO - Достигнут лимит 20 пар. Ожидание освобождения места...
2025-01-18 20:58:34,282 - INFO - Достигнут лимит 20 пар. Ожидание освобождения места...
2025-01-18 20:58:44,292 - INFO - Достигнут лимит 20 пар. Ожидание освобождения места...
2025-01-18 20:58:54,302 - INFO - Достигнут лимит 20 пар. Ожидание освобождения места...
2025-01-18 20:59:04,309 - INFO - Достигнут лимит 20 пар. Ожидание освобождения места...
2025-01-18 20:59:14,319 - INFO - Достигнут лимит 20 пар. Ожидание освобождения места...
2025-01-18 20:59:24,329 - INFO - Достигнут лимит 20 пар. Ожидание освобождения места...
2025-01-18 20:59:34,339 - INFO - Достигнут лимит 20 пар. Ожидание освобождения места...
2025-01-18 20:59:44,348 - INFO - Достигнут лимит 20 пар. Ожидание освобождения места...
2025-01-18 20:59:54,359 - INFO - Достигнут лимит 20 пар. Ожидание освобождения места...
2025-01-18 21:00:04,368 - INFO - Достигнут лимит 20 пар. Ожидание освобождения места...
2025-01-18 21:00:14,379 - INFO - Достигнут лимит 20 пар. Ожидание освобождения места...
2025-01-18 21:00:24,389 - INFO - Достигнут лимит 20 пар. Ожидание освобождения места...
2025-01-18 21:00:34,398 - INFO - Достигнут лимит 20 пар. Ожидание освобождения места...
2025-01-18 21:00:44,408 - INFO - Достигнут лимит 20 пар. Ожидание освобождения места...
2025-01-18 21:00:54,418 - INFO - Достигнут лимит 20 пар. Ожидание освобождения места...
2025-01-18 21:01:04,428 - INFO - Достигнут лимит 20 пар. Ожидание освобождения места...
2025-01-18 21:01:14,438 - INFO - Достигнут лимит 20 пар. Ожидание освобождения места...
2025-01-18 21:01:24,449 - INFO - Достигнут лимит 20 пар. Ожидание освобождения места...
2025-01-18 21:01:34,556 - INFO - Достигнут лимит 20 пар. Ожидание освобождения места...
2025-01-18 21:01:44,567 - INFO - Достигнут лимит 20 пар. Ожидание освобождения места...
2025-01-18 21:01:54,575 - INFO - Достигнут лимит 20 пар. Ожидание освобождения места...
2025-01-18 21:02:04,586 - INFO - Достигнут лимит 20 пар. Ожидание освобождения места...
2025-01-18 21:02:22,044 - INFO - Добавлена новая пара: SXPUSDT с RSI 33.08
2025-01-18 21:02:22,940 - INFO - Сообщение успешно отправлено в Telegram
2025-01-18 21:02:22,947 - INFO - Достигнут лимит 20 пар. Ожидание освобождения места...
2025-01-18 21:02:32,963 - INFO - Достигнут лимит 20 пар. Ожидание освобождения места...
2025-01-18 21:02:43,066 - INFO - Достигнут лимит 20 пар. Ожидание освобождения места...
2025-01-18 21:02:53,076 - INFO - Достигнут лимит 20 пар. Ожидание освобождения места...
2025-01-18 21:03:03,086 - INFO - Достигнут лимит 20 пар. Ожидание освобождения места...
2025-01-18 21:03:13,096 - INFO - Достигнут лимит 20 пар. Ожидание освобождения места...
2025-01-18 21:03:23,106 - INFO - Достигнут лимит 20 пар. Ожидание освобождения места...
2025-01-18 21:03:33,115 - INFO - Достигнут лимит 20 пар. Ожидание освобождения места...
2025-01-18 21:03:43,126 - INFO - Достигнут лимит 20 пар. Ожидание освобождения места...
2025-01-18 21:03:53,135 - INFO - Достигнут лимит 20 пар. Ожидание освобождения места...
2025-01-18 21:04:03,145 - INFO - Достигнут лимит 20 пар. Ожидание освобождения места...
2025-01-18 21:04:13,155 - INFO - Достигнут лимит 20 пар. Ожидание освобождения места...
2025-01-18 21:04:23,166 - INFO - Достигнут лимит 20 пар. Ожидание освобождения места...
2025-01-18 21:04:33,175 - INFO - Достигнут лимит 20 пар. Ожидание освобождения места...
2025-01-18 21:04:43,185 - INFO - Достигнут лимит 20 пар. Ожидание освобождения места...
2025-01-18 21:04:53,206 - INFO - Достигнут лимит 20 пар. Ожидание освобождения места...
2025-01-18 21:05:03,215 - INFO - Достигнут лимит 20 пар. Ожидание освобождения места...
2025-01-18 21:05:13,226 - INFO - Достигнут лимит 20 пар. Ожидание освобождения места...
2025-01-18 21:05:23,238 - INFO - Достигнут лимит 20 пар. Ожидание освобождения места...
2025-01-18 21:05:33,245 - INFO - Достигнут лимит 20 пар. Ожидание освобождения места...
2025-01-18 21:05:43,255 - INFO - Достигнут лимит 20 пар. Ожидание освобождения места...
2025-01-18 21:05:53,266 - INFO - Достигнут лимит 20 пар. Ожидание освобождения места...
2025-01-18 21:06:03,372 - INFO - Достигнут лимит 20 пар. Ожидание освобождения места...
2025-01-18 21:06:13,382 - INFO - Достигнут лимит 20 пар. Ожидание освобождения места...
2025-01-18 21:06:23,392 - INFO - Достигнут лимит 20 пар. Ожидание освобождения места...
2025-01-18 21:06:33,402 - INFO - Достигнут лимит 20 пар. Ожидание освобождения места...
2025-01-18 21:06:43,412 - INFO - Достигнут лимит 20 пар. Ожидание освобождения места...
2025-01-18 21:06:53,422 - INFO - Достигнут лимит 20 пар. Ожидание освобождения места...
2025-01-18 21:07:03,433 - INFO - Достигнут лимит 20 пар. Ожидание освобождения места...
2025-01-18 21:07:13,442 - INFO - Достигнут лимит 20 пар. Ожидание освобождения места...
2025-01-18 21:07:23,452 - INFO - Достигнут лимит 20 пар. Ожидание освобождения места...
2025-01-18 21:07:33,462 - INFO - Достигнут лимит 20 пар. Ожидание освобождения места...
2025-01-18 21:07:43,472 - INFO - Достигнут лимит 20 пар. Ожидание освобождения места...
2025-01-18 21:07:53,480 - INFO - Достигнут лимит 20 пар. Ожидание освобождения места...
2025-01-18 21:08:03,489 - INFO - Достигнут лимит 20 пар. Ожидание освобождения места...
2025-01-18 21:08:13,499 - INFO - Достигнут лимит 20 пар. Ожидание освобождения места...
2025-01-18 21:08:23,509 - INFO - Достигнут лимит 20 пар. Ожидание освобождения места...
2025-01-18 21:08:33,518 - INFO - Достигнут лимит 20 пар. Ожидание освобождения места...
2025-01-18 21:08:43,528 - INFO - Достигнут лимит 20 пар. Ожидание освобождения места...
2025-01-18 21:08:53,538 - INFO - Достигнут лимит 20 пар. Ожидание освобождения места...
2025-01-18 21:09:03,549 - INFO - Достигнут лимит 20 пар. Ожидание освобождения места...
2025-01-18 21:09:13,559 - INFO - Достигнут лимит 20 пар. Ожидание освобождения места...
2025-01-18 21:09:23,568 - INFO - Достигнут лимит 20 пар. Ожидание освобождения места...
2025-01-18 21:09:33,579 - INFO - Достигнут лимит 20 пар. Ожидание освобождения места...
2025-01-18 21:09:43,589 - INFO - Достигнут лимит 20 пар. Ожидание освобождения места...
2025-01-18 21:09:53,602 - INFO - Достигнут лимит 20 пар. Ожидание освобождения места...
2025-01-18 21:10:03,613 - INFO - Достигнут лимит 20 пар. Ожидание освобождения места...
2025-01-18 21:10:13,622 - INFO - Достигнут лимит 20 пар. Ожидание освобождения места...
2025-01-18 21:10:23,632 - INFO - Достигнут лимит 20 пар. Ожидание освобождения места...
2025-01-18 21:10:33,642 - INFO - Достигнут лимит 20 пар. Ожидание освобождения места...
2025-01-18 21:10:43,653 - INFO - Достигнут лимит 20 пар. Ожидание освобождения места...
2025-01-18 21:10:58,760 - INFO - Запуск приложения.
2025-01-18 21:16:48,429 - INFO - Запуск приложения.
